0 info it worked if it ends with ok
1 verbose cli [ '/home/mike/.nvm/v5.10.1/bin/node',
1 verbose cli   '/usr/local/bin/npm',
1 verbose cli   'start' ]
2 info using npm@3.8.6
3 info using node@v5.10.1
4 verbose run-script [ 'prestart', 'start', 'poststart' ]
5 info lifecycle simple-blog@0.1.0~prestart: simple-blog@0.1.0
6 silly lifecycle simple-blog@0.1.0~prestart: no script for prestart, continuing
7 info lifecycle simple-blog@0.1.0~start: simple-blog@0.1.0
8 verbose lifecycle simple-blog@0.1.0~start: unsafe-perm in lifecycle true
9 verbose lifecycle simple-blog@0.1.0~start: PATH: /usr/local/lib/node_modules/npm/bin/node-gyp-bin:/media/Shared/Development/backbone/bbjsbp/node_modules/.bin:/home/mike/.nvm/v5.10.1/bin:/usr/local/sbin:/usr/local/bin:/usr/sbin:/usr/bin:/sbin:/bin
10 verbose lifecycle simple-blog@0.1.0~start: CWD: /media/Shared/Development/backbone/bbjsbp
11 silly lifecycle simple-blog@0.1.0~start: Args: [ '-c', 'nodemon server.js' ]
12 silly lifecycle simple-blog@0.1.0~start: Returned: code: 126  signal: null
13 info lifecycle simple-blog@0.1.0~start: Failed to exec start script
14 verbose stack Error: simple-blog@0.1.0 start: `nodemon server.js`
14 verbose stack Exit status 126
14 verbose stack     at EventEmitter.<anonymous> (/usr/local/lib/node_modules/npm/lib/utils/lifecycle.js:239:16)
14 verbose stack     at emitTwo (events.js:100:13)
14 verbose stack     at EventEmitter.emit (events.js:185:7)
14 verbose stack     at ChildProcess.<anonymous> (/usr/local/lib/node_modules/npm/lib/utils/spawn.js:24:14)
14 verbose stack     at emitTwo (events.js:100:13)
14 verbose stack     at ChildProcess.emit (events.js:185:7)
14 verbose stack     at maybeClose (internal/child_process.js:850:16)
14 verbose stack     at Process.ChildProcess._handle.onexit (internal/child_process.js:215:5)
15 verbose pkgid simple-blog@0.1.0
16 verbose cwd /media/Shared/Development/backbone/bbjsbp
17 error Linux 4.2.0-35-generic
18 error argv "/home/mike/.nvm/v5.10.1/bin/node" "/usr/local/bin/npm" "start"
19 error node v5.10.1
20 error npm  v3.8.6
21 error code ELIFECYCLE
22 error simple-blog@0.1.0 start: `nodemon server.js`
22 error Exit status 126
23 error Failed at the simple-blog@0.1.0 start script 'nodemon server.js'.
23 error Make sure you have the latest version of node.js and npm installed.
23 error If you do, this is most likely a problem with the simple-blog package,
23 error not with npm itself.
23 error Tell the author that this fails on your system:
23 error     nodemon server.js
23 error You can get information on how to open an issue for this project with:
23 error     npm bugs simple-blog
23 error Or if that isn't available, you can get their info via:
23 error     npm owner ls simple-blog
23 error There is likely additional logging output above.
24 verbose exit [ 1, true ]
